<?xml version="1.0" encoding="UTF-8"?>
<!-- Generated by org.testng.reporters.JUnitXMLReporter -->
<testsuite hostname="IN-L2122" ignored="0" name="Test" tests="1" failures="1" timestamp="12 Nov 2018 12:15:57 GMT" time="14.907" errors="0">
  <testcase name="mm" time="14.887" classname="Pilvo_UI_Automation.Drag_And_Drop">
    <failure type="java.lang.NullPointerException">
      <![CDATA[java.lang.NullPointerException
at Pilvo_UI_Automation.Drag_And_Drop.mm(Drag_And_Drop.java:22)
... Removed 25 stack frames]]>
    </failure>
  </testcase> <!-- mm -->
</testsuite> <!-- Test -->
